{"C:\\Users\\Sters\\Documents\\FireHazardLLC\\projects\\Joe\\sloop\\src\\cli\\actions\\setup.js": {"path":"C:\\Users\\Sters\\Documents\\FireHazardLLC\\projects\\Joe\\sloop\\src\\cli\\actions\\setup.js","statementMap":{"0":{"start":{"line":1,"column":0},"end":{"line":1,"column":27}},"1":{"start":{"line":2,"column":11},"end":{"line":2,"column":24}},"2":{"start":{"line":3,"column":15},"end":{"line":3,"column":44}},"3":{"start":{"line":4,"column":20},"end":{"line":4,"column":60}},"4":{"start":{"line":5,"column":19},"end":{"line":5,"column":50}},"5":{"start":{"line":6,"column":36},"end":{"line":6,"column":60}},"6":{"start":{"line":8,"column":0},"end":{"line":126,"column":2}},"7":{"start":{"line":11,"column":19},"end":{"line":11,"column":42}},"8":{"start":{"line":14,"column":4},"end":{"line":21,"column":5}},"9":{"start":{"line":15,"column":8},"end":{"line":18,"column":10}},"10":{"start":{"line":20,"column":8},"end":{"line":20,"column":68}},"11":{"start":{"line":23,"column":15},"end":{"line":26,"column":6}},"12":{"start":{"line":28,"column":24},"end":{"line":28,"column":65}},"13":{"start":{"line":30,"column":4},"end":{"line":37,"column":5}},"14":{"start":{"line":31,"column":8},"end":{"line":35,"column":10}},"15":{"start":{"line":36,"column":8},"end":{"line":36,"column":15}},"16":{"start":{"line":38,"column":4},"end":{"line":38,"column":39}},"17":{"start":{"line":41,"column":4},"end":{"line":41,"column":37}},"18":{"start":{"line":42,"column":4},"end":{"line":123,"column":5}},"19":{"start":{"line":44,"column":23},"end":{"line":44,"column":74}},"20":{"start":{"line":45,"column":8},"end":{"line":52,"column":9}},"21":{"start":{"line":46,"column":12},"end":{"line":46,"column":70}},"22":{"start":{"line":47,"column":12},"end":{"line":47,"column":21}},"23":{"start":{"line":48,"column":15},"end":{"line":52,"column":9}},"24":{"start":{"line":49,"column":12},"end":{"line":49,"column":95}},"25":{"start":{"line":51,"column":12},"end":{"line":51,"column":57}},"26":{"start":{"line":54,"column":8},"end":{"line":54,"column":47}},"27":{"start":{"line":55,"column":23},"end":{"line":62,"column":10}},"28":{"start":{"line":63,"column":8},"end":{"line":63,"column":28}},"29":{"start":{"line":64,"column":8},"end":{"line":64,"column":48}},"30":{"start":{"line":67,"column":21},"end":{"line":67,"column":83}},"31":{"start":{"line":69,"column":26},"end":{"line":69,"column":28}},"32":{"start":{"line":72,"column":8},"end":{"line":91,"column":9}},"33":{"start":{"line":74,"column":12},"end":{"line":77,"column":13}},"34":{"start":{"line":75,"column":16},"end":{"line":75,"column":43}},"35":{"start":{"line":76,"column":16},"end":{"line":76,"column":65}},"36":{"start":{"line":78,"column":36},"end":{"line":83,"column":13}},"37":{"start":{"line":84,"column":12},"end":{"line":88,"column":13}},"38":{"start":{"line":85,"column":16},"end":{"line":85,"column":52}},"39":{"start":{"line":87,"column":16},"end":{"line":87,"column":39}},"40":{"start":{"line":89,"column":12},"end":{"line":89,"column":66}},"41":{"start":{"line":90,"column":12},"end":{"line":90,"column":49}},"42":{"start":{"line":94,"column":43},"end":{"line":99,"column":9}},"43":{"start":{"line":101,"column":8},"end":{"line":101,"column":55}},"44":{"start":{"line":103,"column":8},"end":{"line":103,"column":64}},"45":{"start":{"line":104,"column":8},"end":{"line":104,"column":58}},"46":{"start":{"line":114,"column":35},"end":{"line":119,"column":9}},"47":{"start":{"line":121,"column":8},"end":{"line":121,"column":46}},"48":{"start":{"line":122,"column":8},"end":{"line":122,"column":56}}},"fnMap":{"0":{"name":"(anonymous_0)","decl":{"start":{"line":8,"column":29},"end":{"line":8,"column":30}},"loc":{"start":{"line":8,"column":48},"end":{"line":126,"column":1}},"line":8}},"branchMap":{"0":{"loc":{"start":{"line":14,"column":4},"end":{"line":21,"column":5}},"type":"if","locations":[{"start":{"line":14,"column":4},"end":{"line":21,"column":5}},{"start":{"line":19,"column":11},"end":{"line":21,"column":5}}],"line":14},"1":{"loc":{"start":{"line":30,"column":4},"end":{"line":37,"column":5}},"type":"if","locations":[{"start":{"line":30,"column":4},"end":{"line":37,"column":5}},{"start":{},"end":{}}],"line":30},"2":{"loc":{"start":{"line":45,"column":8},"end":{"line":52,"column":9}},"type":"if","locations":[{"start":{"line":45,"column":8},"end":{"line":52,"column":9}},{"start":{"line":48,"column":15},"end":{"line":52,"column":9}}],"line":45},"3":{"loc":{"start":{"line":45,"column":12},"end":{"line":45,"column":45}},"type":"binary-expr","locations":[{"start":{"line":45,"column":12},"end":{"line":45,"column":18}},{"start":{"line":45,"column":22},"end":{"line":45,"column":45}}],"line":45},"4":{"loc":{"start":{"line":48,"column":15},"end":{"line":52,"column":9}},"type":"if","locations":[{"start":{"line":48,"column":15},"end":{"line":52,"column":9}},{"start":{"line":50,"column":15},"end":{"line":52,"column":9}}],"line":48},"5":{"loc":{"start":{"line":48,"column":19},"end":{"line":48,"column":52}},"type":"binary-expr","locations":[{"start":{"line":48,"column":19},"end":{"line":48,"column":25}},{"start":{"line":48,"column":29},"end":{"line":48,"column":52}}],"line":48},"6":{"loc":{"start":{"line":74,"column":12},"end":{"line":77,"column":13}},"type":"if","locations":[{"start":{"line":74,"column":12},"end":{"line":77,"column":13}},{"start":{},"end":{}}],"line":74}},"s":{"0":10,"1":10,"2":10,"3":10,"4":10,"5":10,"6":10,"7":13,"8":13,"9":0,"10":13,"11":13,"12":13,"13":13,"14":0,"15":0,"16":13,"17":13,"18":13,"19":26,"20":26,"21":14,"22":14,"23":12,"24":0,"25":12,"26":12,"27":12,"28":12,"29":12,"30":12,"31":12,"32":12,"33":60,"34":48,"35":48,"36":60,"37":60,"38":60,"39":0,"40":60,"41":60,"42":12,"43":12,"44":12,"45":12,"46":12,"47":12,"48":12},"f":{"0":13},"b":{"0":[0,13],"1":[0,13],"2":[14,12],"3":[26,14],"4":[0,12],"5":[12,0],"6":[48,12]},"_coverageSchema":"1a1c01bbd47fc00a2c39e90264f33305004495a9","hash":"83bfd4ea408a7411ba9fd4fc5e0d168390e4522e"}
,"C:\\Users\\Sters\\Documents\\FireHazardLLC\\projects\\Joe\\sloop\\src\\cli\\actions\\teardown.js": {"path":"C:\\Users\\Sters\\Documents\\FireHazardLLC\\projects\\Joe\\sloop\\src\\cli\\actions\\teardown.js","statementMap":{"0":{"start":{"line":1,"column":0},"end":{"line":1,"column":27}},"1":{"start":{"line":2,"column":11},"end":{"line":2,"column":24}},"2":{"start":{"line":3,"column":15},"end":{"line":3,"column":44}},"3":{"start":{"line":4,"column":20},"end":{"line":4,"column":60}},"4":{"start":{"line":5,"column":17},"end":{"line":5,"column":36}},"5":{"start":{"line":7,"column":0},"end":{"line":99,"column":2}},"6":{"start":{"line":9,"column":13},"end":{"line":12,"column":6}},"7":{"start":{"line":15,"column":19},"end":{"line":15,"column":42}},"8":{"start":{"line":18,"column":4},"end":{"line":25,"column":5}},"9":{"start":{"line":19,"column":8},"end":{"line":22,"column":10}},"10":{"start":{"line":24,"column":8},"end":{"line":24,"column":68}},"11":{"start":{"line":27,"column":15},"end":{"line":30,"column":6}},"12":{"start":{"line":32,"column":24},"end":{"line":32,"column":65}},"13":{"start":{"line":34,"column":4},"end":{"line":41,"column":5}},"14":{"start":{"line":35,"column":8},"end":{"line":39,"column":10}},"15":{"start":{"line":40,"column":8},"end":{"line":40,"column":15}},"16":{"start":{"line":43,"column":4},"end":{"line":43,"column":69}},"17":{"start":{"line":46,"column":4},"end":{"line":62,"column":5}},"18":{"start":{"line":47,"column":8},"end":{"line":47,"column":81}},"19":{"start":{"line":48,"column":8},"end":{"line":48,"column":32}},"20":{"start":{"line":51,"column":8},"end":{"line":61,"column":10}},"21":{"start":{"line":54,"column":16},"end":{"line":58,"column":17}},"22":{"start":{"line":55,"column":20},"end":{"line":55,"column":56}},"23":{"start":{"line":56,"column":20},"end":{"line":56,"column":31}},"24":{"start":{"line":57,"column":20},"end":{"line":57,"column":27}},"25":{"start":{"line":59,"column":16},"end":{"line":59,"column":40}},"26":{"start":{"line":65,"column":8},"end":{"line":65,"column":49}},"27":{"start":{"line":67,"column":8},"end":{"line":96,"column":9}},"28":{"start":{"line":68,"column":31},"end":{"line":71,"column":13}},"29":{"start":{"line":73,"column":34},"end":{"line":73,"column":68}},"30":{"start":{"line":75,"column":12},"end":{"line":79,"column":13}},"31":{"start":{"line":76,"column":16},"end":{"line":76,"column":65}},"32":{"start":{"line":77,"column":16},"end":{"line":77,"column":27}},"33":{"start":{"line":78,"column":16},"end":{"line":78,"column":23}},"34":{"start":{"line":81,"column":33},"end":{"line":84,"column":13}},"35":{"start":{"line":86,"column":12},"end":{"line":88,"column":15}},"36":{"start":{"line":87,"column":16},"end":{"line":87,"column":56}},"37":{"start":{"line":90,"column":35},"end":{"line":90,"column":71}},"38":{"start":{"line":91,"column":12},"end":{"line":91,"column":95}},"39":{"start":{"line":95,"column":12},"end":{"line":95,"column":23}}},"fnMap":{"0":{"name":"(anonymous_0)","decl":{"start":{"line":7,"column":32},"end":{"line":7,"column":33}},"loc":{"start":{"line":7,"column":63},"end":{"line":99,"column":1}},"line":7},"1":{"name":"(anonymous_1)","decl":{"start":{"line":53,"column":12},"end":{"line":53,"column":13}},"loc":{"start":{"line":53,"column":30},"end":{"line":60,"column":13}},"line":53},"2":{"name":"performTeardown","decl":{"start":{"line":64,"column":19},"end":{"line":64,"column":34}},"loc":{"start":{"line":64,"column":37},"end":{"line":97,"column":5}},"line":64},"3":{"name":"(anonymous_3)","decl":{"start":{"line":86,"column":43},"end":{"line":86,"column":44}},"loc":{"start":{"line":86,"column":54},"end":{"line":88,"column":13}},"line":86}},"branchMap":{"0":{"loc":{"start":{"line":18,"column":4},"end":{"line":25,"column":5}},"type":"if","locations":[{"start":{"line":18,"column":4},"end":{"line":25,"column":5}},{"start":{"line":23,"column":11},"end":{"line":25,"column":5}}],"line":18},"1":{"loc":{"start":{"line":34,"column":4},"end":{"line":41,"column":5}},"type":"if","locations":[{"start":{"line":34,"column":4},"end":{"line":41,"column":5}},{"start":{},"end":{}}],"line":34},"2":{"loc":{"start":{"line":46,"column":4},"end":{"line":62,"column":5}},"type":"if","locations":[{"start":{"line":46,"column":4},"end":{"line":62,"column":5}},{"start":{"line":49,"column":11},"end":{"line":62,"column":5}}],"line":46},"3":{"loc":{"start":{"line":54,"column":16},"end":{"line":58,"column":17}},"type":"if","locations":[{"start":{"line":54,"column":16},"end":{"line":58,"column":17}},{"start":{},"end":{}}],"line":54},"4":{"loc":{"start":{"line":75,"column":12},"end":{"line":79,"column":13}},"type":"if","locations":[{"start":{"line":75,"column":12},"end":{"line":79,"column":13}},{"start":{},"end":{}}],"line":75}},"s":{"0":10,"1":10,"2":10,"3":10,"4":10,"5":10,"6":13,"7":13,"8":13,"9":0,"10":13,"11":13,"12":13,"13":13,"14":0,"15":0,"16":13,"17":13,"18":13,"19":13,"20":0,"21":0,"22":0,"23":0,"24":0,"25":0,"26":13,"27":13,"28":13,"29":13,"30":13,"31":0,"32":0,"33":0,"34":12,"35":12,"36":99,"37":12,"38":12,"39":13},"f":{"0":13,"1":0,"2":13,"3":99},"b":{"0":[0,13],"1":[0,13],"2":[13,0],"3":[0,0],"4":[0,12]},"_coverageSchema":"1a1c01bbd47fc00a2c39e90264f33305004495a9","hash":"36403161be0e8723350a13c97fb3336c77f62f1d"}
,"C:\\Users\\Sters\\Documents\\FireHazardLLC\\projects\\Joe\\sloop\\src\\helpers\\addRecordToLookupTableJson.js": {"path":"C:\\Users\\Sters\\Documents\\FireHazardLLC\\projects\\Joe\\sloop\\src\\helpers\\addRecordToLookupTableJson.js","statementMap":{"0":{"start":{"line":3,"column":4},"end":{"line":3,"column":43}},"1":{"start":{"line":24,"column":8},"end":{"line":24,"column":15}},"2":{"start":{"line":26,"column":4},"end":{"line":26,"column":56}},"3":{"start":{"line":29,"column":4},"end":{"line":29,"column":41}},"4":{"start":{"line":32,"column":36},"end":{"line":36,"column":5}},"5":{"start":{"line":38,"column":4},"end":{"line":38,"column":48}},"6":{"start":{"line":42,"column":0},"end":{"line":44,"column":2}}},"fnMap":{"0":{"name":"addRecordToLookupTableJson","decl":{"start":{"line":16,"column":15},"end":{"line":16,"column":41}},"loc":{"start":{"line":16,"column":51},"end":{"line":40,"column":1}},"line":16}},"branchMap":{},"s":{"0":14,"1":1,"2":1,"3":1,"4":1,"5":1,"6":14},"f":{"0":1},"b":{},"_coverageSchema":"1a1c01bbd47fc00a2c39e90264f33305004495a9","hash":"d531268f1c8300e1e1b79012e17f23743154e1a5"}
,"C:\\Users\\Sters\\Documents\\FireHazardLLC\\projects\\Joe\\sloop\\src\\helpers\\createGuid.js": {"path":"C:\\Users\\Sters\\Documents\\FireHazardLLC\\projects\\Joe\\sloop\\src\\helpers\\createGuid.js","statementMap":{"0":{"start":{"line":1,"column":23},"end":{"line":1,"column":38}},"1":{"start":{"line":10,"column":4},"end":{"line":10,"column":20}},"2":{"start":{"line":13,"column":0},"end":{"line":15,"column":2}}},"fnMap":{"0":{"name":"createGuid","decl":{"start":{"line":8,"column":9},"end":{"line":8,"column":19}},"loc":{"start":{"line":8,"column":22},"end":{"line":11,"column":1}},"line":8}},"branchMap":{},"s":{"0":14,"1":51,"2":14},"f":{"0":51},"b":{},"_coverageSchema":"1a1c01bbd47fc00a2c39e90264f33305004495a9","hash":"353e6a9c4d71b3b8aa474127f01546b6c9dd4ed4"}
,"C:\\Users\\Sters\\Documents\\FireHazardLLC\\projects\\Joe\\sloop\\src\\helpers\\createRecord.js": {"path":"C:\\Users\\Sters\\Documents\\FireHazardLLC\\projects\\Joe\\sloop\\src\\helpers\\createRecord.js","statementMap":{"0":{"start":{"line":3,"column":4},"end":{"line":3,"column":27}},"1":{"start":{"line":24,"column":8},"end":{"line":24,"column":15}},"2":{"start":{"line":27,"column":4},"end":{"line":30,"column":5}},"3":{"start":{"line":28,"column":8},"end":{"line":28,"column":35}},"4":{"start":{"line":29,"column":8},"end":{"line":29,"column":57}},"5":{"start":{"line":32,"column":28},"end":{"line":37,"column":5}},"6":{"start":{"line":39,"column":4},"end":{"line":44,"column":5}},"7":{"start":{"line":40,"column":8},"end":{"line":40,"column":44}},"8":{"start":{"line":41,"column":8},"end":{"line":41,"column":22}},"9":{"start":{"line":43,"column":8},"end":{"line":43,"column":31}},"10":{"start":{"line":48,"column":0},"end":{"line":50,"column":2}}},"fnMap":{"0":{"name":"createRecord","decl":{"start":{"line":17,"column":15},"end":{"line":17,"column":27}},"loc":{"start":{"line":17,"column":37},"end":{"line":46,"column":1}},"line":17}},"branchMap":{"0":{"loc":{"start":{"line":27,"column":4},"end":{"line":30,"column":5}},"type":"if","locations":[{"start":{"line":27,"column":4},"end":{"line":30,"column":5}},{"start":{},"end":{}}],"line":27}},"s":{"0":14,"1":1,"2":1,"3":0,"4":0,"5":1,"6":1,"7":1,"8":1,"9":0,"10":14},"f":{"0":1},"b":{"0":[0,1]},"_coverageSchema":"1a1c01bbd47fc00a2c39e90264f33305004495a9","hash":"3f77f98dfb70056835160891aad62f9c4490574d"}
,"C:\\Users\\Sters\\Documents\\FireHazardLLC\\projects\\Joe\\sloop\\src\\helpers\\folderExists.js": {"path":"C:\\Users\\Sters\\Documents\\FireHazardLLC\\projects\\Joe\\sloop\\src\\helpers\\folderExists.js","statementMap":{"0":{"start":{"line":15,"column":8},"end":{"line":15,"column":15}},"1":{"start":{"line":17,"column":4},"end":{"line":28,"column":5}},"2":{"start":{"line":18,"column":23},"end":{"line":22,"column":9}},"3":{"start":{"line":23,"column":21},"end":{"line":23,"column":51}},"4":{"start":{"line":24,"column":8},"end":{"line":24,"column":40}},"5":{"start":{"line":27,"column":8},"end":{"line":27,"column":21}},"6":{"start":{"line":31,"column":0},"end":{"line":33,"column":2}}},"fnMap":{"0":{"name":"folderExists","decl":{"start":{"line":10,"column":15},"end":{"line":10,"column":27}},"loc":{"start":{"line":10,"column":37},"end":{"line":29,"column":1}},"line":10}},"branchMap":{},"s":{"0":30,"1":30,"2":30,"3":30,"4":30,"5":14,"6":14},"f":{"0":30},"b":{},"_coverageSchema":"1a1c01bbd47fc00a2c39e90264f33305004495a9","hash":"62e47ad3e1e541bf87e274256b951ab406c1e115"}
,"C:\\Users\\Sters\\Documents\\FireHazardLLC\\projects\\Joe\\sloop\\src\\helpers\\getAllJson.js": {"path":"C:\\Users\\Sters\\Documents\\FireHazardLLC\\projects\\Joe\\sloop\\src\\helpers\\getAllJson.js","statementMap":{"0":{"start":{"line":3,"column":4},"end":{"line":3,"column":38}},"1":{"start":{"line":20,"column":8},"end":{"line":20,"column":15}},"2":{"start":{"line":22,"column":25},"end":{"line":25,"column":5}},"3":{"start":{"line":27,"column":4},"end":{"line":27,"column":75}},"4":{"start":{"line":31,"column":0},"end":{"line":33,"column":2}}},"fnMap":{"0":{"name":"getAllJson","decl":{"start":{"line":14,"column":15},"end":{"line":14,"column":25}},"loc":{"start":{"line":14,"column":35},"end":{"line":29,"column":1}},"line":14}},"branchMap":{},"s":{"0":14,"1":4,"2":4,"3":4,"4":14},"f":{"0":4},"b":{},"_coverageSchema":"1a1c01bbd47fc00a2c39e90264f33305004495a9","hash":"a9ba0db99de1e5abc1a076926cfc238f88dd3afb"}
,"C:\\Users\\Sters\\Documents\\FireHazardLLC\\projects\\Joe\\sloop\\src\\helpers\\getLookupTableJson.js": {"path":"C:\\Users\\Sters\\Documents\\FireHazardLLC\\projects\\Joe\\sloop\\src\\helpers\\getLookupTableJson.js","statementMap":{"0":{"start":{"line":3,"column":4},"end":{"line":3,"column":38}},"1":{"start":{"line":20,"column":8},"end":{"line":20,"column":15}},"2":{"start":{"line":22,"column":33},"end":{"line":25,"column":5}},"3":{"start":{"line":27,"column":4},"end":{"line":27,"column":83}},"4":{"start":{"line":31,"column":0},"end":{"line":33,"column":2}}},"fnMap":{"0":{"name":"getLookupTableJson","decl":{"start":{"line":14,"column":15},"end":{"line":14,"column":33}},"loc":{"start":{"line":14,"column":43},"end":{"line":29,"column":1}},"line":14}},"branchMap":{},"s":{"0":14,"1":7,"2":7,"3":7,"4":14},"f":{"0":7},"b":{},"_coverageSchema":"1a1c01bbd47fc00a2c39e90264f33305004495a9","hash":"f93f1e02bcd8ed9ab7b4eea04f2de0eda5b9a702"}
,"C:\\Users\\Sters\\Documents\\FireHazardLLC\\projects\\Joe\\sloop\\src\\helpers\\getObjectOutputToJson.js": {"path":"C:\\Users\\Sters\\Documents\\FireHazardLLC\\projects\\Joe\\sloop\\src\\helpers\\getObjectOutputToJson.js","statementMap":{"0":{"start":{"line":10,"column":12},"end":{"line":10,"column":54}},"1":{"start":{"line":12,"column":4},"end":{"line":12,"column":25}},"2":{"start":{"line":15,"column":0},"end":{"line":17,"column":2}}},"fnMap":{"0":{"name":"getObjectOutputToJson","decl":{"start":{"line":8,"column":15},"end":{"line":8,"column":36}},"loc":{"start":{"line":8,"column":43},"end":{"line":13,"column":1}},"line":8}},"branchMap":{},"s":{"0":23,"1":23,"2":14},"f":{"0":23},"b":{},"_coverageSchema":"1a1c01bbd47fc00a2c39e90264f33305004495a9","hash":"b777a5553e5002e46e658fa9118222658ce3ef91"}
,"C:\\Users\\Sters\\Documents\\FireHazardLLC\\projects\\Joe\\sloop\\src\\helpers\\getOne.js": {"path":"C:\\Users\\Sters\\Documents\\FireHazardLLC\\projects\\Joe\\sloop\\src\\helpers\\getOne.js","statementMap":{"0":{"start":{"line":3,"column":4},"end":{"line":3,"column":38}},"1":{"start":{"line":22,"column":8},"end":{"line":22,"column":15}},"2":{"start":{"line":24,"column":25},"end":{"line":27,"column":5}},"3":{"start":{"line":29,"column":4},"end":{"line":29,"column":75}},"4":{"start":{"line":33,"column":0},"end":{"line":35,"column":2}}},"fnMap":{"0":{"name":"getOne","decl":{"start":{"line":15,"column":15},"end":{"line":15,"column":21}},"loc":{"start":{"line":15,"column":31},"end":{"line":31,"column":1}},"line":15}},"branchMap":{},"s":{"0":14,"1":7,"2":7,"3":7,"4":14},"f":{"0":7},"b":{},"_coverageSchema":"1a1c01bbd47fc00a2c39e90264f33305004495a9","hash":"8bac7159428cda2fbb270fa5f6590305db49bb93"}
,"C:\\Users\\Sters\\Documents\\FireHazardLLC\\projects\\Joe\\sloop\\src\\helpers\\index.js": {"path":"C:\\Users\\Sters\\Documents\\FireHazardLLC\\projects\\Joe\\sloop\\src\\helpers\\index.js","statementMap":{"0":{"start":{"line":1,"column":23},"end":{"line":1,"column":46}},"1":{"start":{"line":2,"column":25},"end":{"line":2,"column":53}},"2":{"start":{"line":3,"column":23},"end":{"line":3,"column":46}},"3":{"start":{"line":4,"column":31},"end":{"line":4,"column":62}},"4":{"start":{"line":5,"column":34},"end":{"line":5,"column":68}},"5":{"start":{"line":6,"column":38},"end":{"line":6,"column":77}},"6":{"start":{"line":7,"column":30},"end":{"line":7,"column":61}},"7":{"start":{"line":8,"column":31},"end":{"line":8,"column":63}},"8":{"start":{"line":9,"column":38},"end":{"line":9,"column":77}},"9":{"start":{"line":10,"column":19},"end":{"line":10,"column":38}},"10":{"start":{"line":11,"column":25},"end":{"line":11,"column":50}},"11":{"start":{"line":12,"column":21},"end":{"line":12,"column":43}},"12":{"start":{"line":13,"column":21},"end":{"line":13,"column":42}},"13":{"start":{"line":15,"column":0},"end":{"line":29,"column":2}}},"fnMap":{},"branchMap":{},"s":{"0":14,"1":14,"2":14,"3":14,"4":14,"5":14,"6":14,"7":14,"8":14,"9":14,"10":14,"11":14,"12":14,"13":14},"f":{},"b":{},"_coverageSchema":"1a1c01bbd47fc00a2c39e90264f33305004495a9","hash":"ddd349b9f51d7c98d9e06a91fbb6711d0319643e"}
,"C:\\Users\\Sters\\Documents\\FireHazardLLC\\projects\\Joe\\sloop\\src\\helpers\\lookupOne.js": {"path":"C:\\Users\\Sters\\Documents\\FireHazardLLC\\projects\\Joe\\sloop\\src\\helpers\\lookupOne.js","statementMap":{"0":{"start":{"line":3,"column":4},"end":{"line":3,"column":38}},"1":{"start":{"line":6,"column":4},"end":{"line":6,"column":35}},"2":{"start":{"line":25,"column":8},"end":{"line":25,"column":15}},"3":{"start":{"line":27,"column":21},"end":{"line":31,"column":6}},"4":{"start":{"line":33,"column":15},"end":{"line":33,"column":29}},"5":{"start":{"line":35,"column":25},"end":{"line":38,"column":5}},"6":{"start":{"line":40,"column":4},"end":{"line":40,"column":75}},"7":{"start":{"line":44,"column":0},"end":{"line":46,"column":2}}},"fnMap":{"0":{"name":"lookupOne","decl":{"start":{"line":18,"column":15},"end":{"line":18,"column":24}},"loc":{"start":{"line":18,"column":34},"end":{"line":42,"column":1}},"line":18}},"branchMap":{},"s":{"0":14,"1":14,"2":1,"3":1,"4":1,"5":1,"6":1,"7":14},"f":{"0":1},"b":{},"_coverageSchema":"1a1c01bbd47fc00a2c39e90264f33305004495a9","hash":"3d345b9eb08503305e992115d3e07cb7cc8a1508"}
,"C:\\Users\\Sters\\Documents\\FireHazardLLC\\projects\\Joe\\sloop\\src\\helpers\\pushRecordToAllJson.js": {"path":"C:\\Users\\Sters\\Documents\\FireHazardLLC\\projects\\Joe\\sloop\\src\\helpers\\pushRecordToAllJson.js","statementMap":{"0":{"start":{"line":3,"column":4},"end":{"line":3,"column":35}},"1":{"start":{"line":24,"column":8},"end":{"line":24,"column":15}},"2":{"start":{"line":26,"column":4},"end":{"line":26,"column":40}},"3":{"start":{"line":29,"column":4},"end":{"line":29,"column":23}},"4":{"start":{"line":32,"column":28},"end":{"line":36,"column":5}},"5":{"start":{"line":38,"column":4},"end":{"line":38,"column":40}},"6":{"start":{"line":42,"column":0},"end":{"line":44,"column":2}}},"fnMap":{"0":{"name":"pushRecordToAllJson","decl":{"start":{"line":16,"column":15},"end":{"line":16,"column":34}},"loc":{"start":{"line":16,"column":44},"end":{"line":40,"column":1}},"line":16}},"branchMap":{},"s":{"0":14,"1":1,"2":1,"3":1,"4":1,"5":1,"6":14},"f":{"0":1},"b":{},"_coverageSchema":"1a1c01bbd47fc00a2c39e90264f33305004495a9","hash":"ec17f6da08583717c0494c3042a7e3ce82564ebc"}
,"C:\\Users\\Sters\\Documents\\FireHazardLLC\\projects\\Joe\\sloop\\src\\helpers\\saveFile.js": {"path":"C:\\Users\\Sters\\Documents\\FireHazardLLC\\projects\\Joe\\sloop\\src\\helpers\\saveFile.js","statementMap":{"0":{"start":{"line":21,"column":8},"end":{"line":21,"column":15}},"1":{"start":{"line":23,"column":28},"end":{"line":28,"column":5}},"2":{"start":{"line":30,"column":4},"end":{"line":35,"column":5}},"3":{"start":{"line":31,"column":8},"end":{"line":31,"column":44}},"4":{"start":{"line":32,"column":8},"end":{"line":32,"column":20}},"5":{"start":{"line":34,"column":8},"end":{"line":34,"column":31}},"6":{"start":{"line":39,"column":0},"end":{"line":41,"column":2}}},"fnMap":{"0":{"name":"saveFile","decl":{"start":{"line":13,"column":15},"end":{"line":13,"column":23}},"loc":{"start":{"line":13,"column":33},"end":{"line":37,"column":1}},"line":13}},"branchMap":{},"s":{"0":3,"1":3,"2":3,"3":3,"4":3,"5":0,"6":14},"f":{"0":3},"b":{},"_coverageSchema":"1a1c01bbd47fc00a2c39e90264f33305004495a9","hash":"e90464608f349ef227f2cb21132294110b8d8d32"}
,"C:\\Users\\Sters\\Documents\\FireHazardLLC\\projects\\Joe\\sloop\\src\\helpers\\validation.allJson.js": {"path":"C:\\Users\\Sters\\Documents\\FireHazardLLC\\projects\\Joe\\sloop\\src\\helpers\\validation.allJson.js","statementMap":{"0":{"start":{"line":14,"column":8},"end":{"line":14,"column":15}},"1":{"start":{"line":19,"column":8},"end":{"line":19,"column":12}},"2":{"start":{"line":22,"column":21},"end":{"line":22,"column":67}},"3":{"start":{"line":22,"column":46},"end":{"line":22,"column":66}},"4":{"start":{"line":24,"column":4},"end":{"line":26,"column":5}},"5":{"start":{"line":25,"column":8},"end":{"line":25,"column":70}},"6":{"start":{"line":29,"column":19},"end":{"line":29,"column":61}},"7":{"start":{"line":29,"column":44},"end":{"line":29,"column":60}},"8":{"start":{"line":31,"column":4},"end":{"line":33,"column":5}},"9":{"start":{"line":32,"column":8},"end":{"line":32,"column":66}},"10":{"start":{"line":37,"column":0},"end":{"line":39,"column":2}}},"fnMap":{"0":{"name":"validation_AllJson","decl":{"start":{"line":9,"column":9},"end":{"line":9,"column":27}},"loc":{"start":{"line":9,"column":37},"end":{"line":35,"column":1}},"line":9},"1":{"name":"(anonymous_1)","decl":{"start":{"line":22,"column":34},"end":{"line":22,"column":35}},"loc":{"start":{"line":22,"column":46},"end":{"line":22,"column":66}},"line":22},"2":{"name":"(anonymous_2)","decl":{"start":{"line":29,"column":32},"end":{"line":29,"column":33}},"loc":{"start":{"line":29,"column":44},"end":{"line":29,"column":60}},"line":29}},"branchMap":{"0":{"loc":{"start":{"line":24,"column":4},"end":{"line":26,"column":5}},"type":"if","locations":[{"start":{"line":24,"column":4},"end":{"line":26,"column":5}},{"start":{},"end":{}}],"line":24},"1":{"loc":{"start":{"line":31,"column":4},"end":{"line":33,"column":5}},"type":"if","locations":[{"start":{"line":31,"column":4},"end":{"line":33,"column":5}},{"start":{},"end":{}}],"line":31}},"s":{"0":4,"1":4,"2":4,"3":8,"4":4,"5":1,"6":3,"7":7,"8":3,"9":1,"10":14},"f":{"0":4,"1":8,"2":7},"b":{"0":[1,3],"1":[1,2]},"_coverageSchema":"1a1c01bbd47fc00a2c39e90264f33305004495a9","hash":"ca4607f0755c01429bde101b86ef471d49b431ee"}
,"C:\\Users\\Sters\\Documents\\FireHazardLLC\\projects\\Joe\\sloop\\src\\helpers\\validation.lookupTableJson.js": {"path":"C:\\Users\\Sters\\Documents\\FireHazardLLC\\projects\\Joe\\sloop\\src\\helpers\\validation.lookupTableJson.js","statementMap":{"0":{"start":{"line":14,"column":8},"end":{"line":14,"column":15}},"1":{"start":{"line":17,"column":4},"end":{"line":19,"column":5}},"2":{"start":{"line":18,"column":8},"end":{"line":18,"column":78}},"3":{"start":{"line":22,"column":31},"end":{"line":28,"column":10}},"4":{"start":{"line":24,"column":12},"end":{"line":27,"column":14}},"5":{"start":{"line":30,"column":27},"end":{"line":31,"column":50}},"6":{"start":{"line":31,"column":26},"end":{"line":31,"column":49}},"7":{"start":{"line":33,"column":4},"end":{"line":35,"column":5}},"8":{"start":{"line":34,"column":8},"end":{"line":34,"column":80}},"9":{"start":{"line":39,"column":0},"end":{"line":41,"column":2}}},"fnMap":{"0":{"name":"validation_LookupTableJson","decl":{"start":{"line":9,"column":9},"end":{"line":9,"column":35}},"loc":{"start":{"line":9,"column":45},"end":{"line":37,"column":1}},"line":9},"1":{"name":"(anonymous_1)","decl":{"start":{"line":23,"column":13},"end":{"line":23,"column":14}},"loc":{"start":{"line":23,"column":21},"end":{"line":28,"column":9}},"line":23},"2":{"name":"(anonymous_2)","decl":{"start":{"line":31,"column":16},"end":{"line":31,"column":17}},"loc":{"start":{"line":31,"column":26},"end":{"line":31,"column":49}},"line":31}},"branchMap":{"0":{"loc":{"start":{"line":17,"column":4},"end":{"line":19,"column":5}},"type":"if","locations":[{"start":{"line":17,"column":4},"end":{"line":19,"column":5}},{"start":{},"end":{}}],"line":17},"1":{"loc":{"start":{"line":33,"column":4},"end":{"line":35,"column":5}},"type":"if","locations":[{"start":{"line":33,"column":4},"end":{"line":35,"column":5}},{"start":{},"end":{}}],"line":33}},"s":{"0":4,"1":4,"2":1,"3":3,"4":7,"5":3,"6":7,"7":3,"8":1,"9":14},"f":{"0":4,"1":7,"2":7},"b":{"0":[1,3],"1":[1,2]},"_coverageSchema":"1a1c01bbd47fc00a2c39e90264f33305004495a9","hash":"d700c98001b42817f84fcdae50d3a1a516025484"}
}
