TN:
SF:src\cli\actions\setup.js
FN:8,(anonymous_0)
FNF:1
FNH:1
FNDA:13,(anonymous_0)
DA:1,10
DA:2,10
DA:3,10
DA:4,10
DA:5,10
DA:6,10
DA:8,10
DA:11,13
DA:14,13
DA:15,0
DA:20,13
DA:23,13
DA:28,13
DA:30,13
DA:31,0
DA:36,0
DA:38,13
DA:41,13
DA:42,13
DA:44,26
DA:45,26
DA:46,14
DA:47,14
DA:48,12
DA:49,0
DA:51,12
DA:54,12
DA:55,12
DA:63,12
DA:64,12
DA:67,12
DA:69,12
DA:72,12
DA:74,60
DA:75,48
DA:76,48
DA:78,60
DA:84,60
DA:85,60
DA:87,0
DA:89,60
DA:90,60
DA:94,12
DA:101,12
DA:103,12
DA:104,12
DA:114,12
DA:121,12
DA:122,12
LF:49
LH:44
BRDA:14,0,0,0
BRDA:14,0,1,13
BRDA:30,1,0,0
BRDA:30,1,1,13
BRDA:45,2,0,14
BRDA:45,2,1,12
BRDA:45,3,0,26
BRDA:45,3,1,14
BRDA:48,4,0,0
BRDA:48,4,1,12
BRDA:48,5,0,12
BRDA:48,5,1,0
BRDA:74,6,0,48
BRDA:74,6,1,12
BRF:14
BRH:10
end_of_record
TN:
SF:src\cli\actions\teardown.js
FN:7,(anonymous_0)
FN:53,(anonymous_1)
FN:64,performTeardown
FN:86,(anonymous_3)
FNF:4
FNH:3
FNDA:13,(anonymous_0)
FNDA:0,(anonymous_1)
FNDA:13,performTeardown
FNDA:99,(anonymous_3)
DA:1,10
DA:2,10
DA:3,10
DA:4,10
DA:5,10
DA:7,10
DA:9,13
DA:15,13
DA:18,13
DA:19,0
DA:24,13
DA:27,13
DA:32,13
DA:34,13
DA:35,0
DA:40,0
DA:43,13
DA:46,13
DA:47,13
DA:48,13
DA:51,0
DA:54,0
DA:55,0
DA:56,0
DA:57,0
DA:59,0
DA:65,13
DA:67,13
DA:68,13
DA:73,13
DA:75,13
DA:76,0
DA:77,0
DA:78,0
DA:81,12
DA:86,12
DA:87,99
DA:90,12
DA:91,12
DA:95,13
LF:40
LH:28
BRDA:18,0,0,0
BRDA:18,0,1,13
BRDA:34,1,0,0
BRDA:34,1,1,13
BRDA:46,2,0,13
BRDA:46,2,1,0
BRDA:54,3,0,0
BRDA:54,3,1,0
BRDA:75,4,0,0
BRDA:75,4,1,12
BRF:10
BRH:4
end_of_record
TN:
SF:src\helpers\addRecordToLookupTableJson.js
FN:16,addRecordToLookupTableJson
FNF:1
FNH:1
FNDA:1,addRecordToLookupTableJson
DA:3,14
DA:24,1
DA:26,1
DA:29,1
DA:32,1
DA:38,1
DA:42,14
LF:7
LH:7
BRF:0
BRH:0
end_of_record
TN:
SF:src\helpers\createGuid.js
FN:8,createGuid
FNF:1
FNH:1
FNDA:51,createGuid
DA:1,14
DA:10,51
DA:13,14
LF:3
LH:3
BRF:0
BRH:0
end_of_record
TN:
SF:src\helpers\createRecord.js
FN:17,createRecord
FNF:1
FNH:1
FNDA:1,createRecord
DA:3,14
DA:24,1
DA:27,1
DA:28,0
DA:29,0
DA:32,1
DA:39,1
DA:40,1
DA:41,1
DA:43,0
DA:48,14
LF:11
LH:8
BRDA:27,0,0,0
BRDA:27,0,1,1
BRF:2
BRH:1
end_of_record
TN:
SF:src\helpers\folderExists.js
FN:10,folderExists
FNF:1
FNH:1
FNDA:30,folderExists
DA:15,30
DA:17,30
DA:18,30
DA:23,30
DA:24,30
DA:27,14
DA:31,14
LF:7
LH:7
BRF:0
BRH:0
end_of_record
TN:
SF:src\helpers\getAllJson.js
FN:14,getAllJson
FNF:1
FNH:1
FNDA:4,getAllJson
DA:3,14
DA:20,4
DA:22,4
DA:27,4
DA:31,14
LF:5
LH:5
BRF:0
BRH:0
end_of_record
TN:
SF:src\helpers\getLookupTableJson.js
FN:14,getLookupTableJson
FNF:1
FNH:1
FNDA:7,getLookupTableJson
DA:3,14
DA:20,7
DA:22,7
DA:27,7
DA:31,14
LF:5
LH:5
BRF:0
BRH:0
end_of_record
TN:
SF:src\helpers\getObjectOutputToJson.js
FN:8,getObjectOutputToJson
FNF:1
FNH:1
FNDA:23,getObjectOutputToJson
DA:10,23
DA:12,23
DA:15,14
LF:3
LH:3
BRF:0
BRH:0
end_of_record
TN:
SF:src\helpers\getOne.js
FN:15,getOne
FNF:1
FNH:1
FNDA:7,getOne
DA:3,14
DA:22,7
DA:24,7
DA:29,7
DA:33,14
LF:5
LH:5
BRF:0
BRH:0
end_of_record
TN:
SF:src\helpers\index.js
FNF:0
FNH:0
DA:1,14
DA:2,14
DA:3,14
DA:4,14
DA:5,14
DA:6,14
DA:7,14
DA:8,14
DA:9,14
DA:10,14
DA:11,14
DA:12,14
DA:13,14
DA:15,14
LF:14
LH:14
BRF:0
BRH:0
end_of_record
TN:
SF:src\helpers\lookupOne.js
FN:18,lookupOne
FNF:1
FNH:1
FNDA:1,lookupOne
DA:3,14
DA:6,14
DA:25,1
DA:27,1
DA:33,1
DA:35,1
DA:40,1
DA:44,14
LF:8
LH:8
BRF:0
BRH:0
end_of_record
TN:
SF:src\helpers\pushRecordToAllJson.js
FN:16,pushRecordToAllJson
FNF:1
FNH:1
FNDA:1,pushRecordToAllJson
DA:3,14
DA:24,1
DA:26,1
DA:29,1
DA:32,1
DA:38,1
DA:42,14
LF:7
LH:7
BRF:0
BRH:0
end_of_record
TN:
SF:src\helpers\saveFile.js
FN:13,saveFile
FNF:1
FNH:1
FNDA:3,saveFile
DA:21,3
DA:23,3
DA:30,3
DA:31,3
DA:32,3
DA:34,0
DA:39,14
LF:7
LH:6
BRF:0
BRH:0
end_of_record
TN:
SF:src\helpers\validation.allJson.js
FN:9,validation_AllJson
FN:22,(anonymous_1)
FN:29,(anonymous_2)
FNF:3
FNH:3
FNDA:4,validation_AllJson
FNDA:8,(anonymous_1)
FNDA:7,(anonymous_2)
DA:14,4
DA:19,4
DA:22,8
DA:24,4
DA:25,1
DA:29,7
DA:31,3
DA:32,1
DA:37,14
LF:9
LH:9
BRDA:24,0,0,1
BRDA:24,0,1,3
BRDA:31,1,0,1
BRDA:31,1,1,2
BRF:4
BRH:4
end_of_record
TN:
SF:src\helpers\validation.lookupTableJson.js
FN:9,validation_LookupTableJson
FN:23,(anonymous_1)
FN:31,(anonymous_2)
FNF:3
FNH:3
FNDA:4,validation_LookupTableJson
FNDA:7,(anonymous_1)
FNDA:7,(anonymous_2)
DA:14,4
DA:17,4
DA:18,1
DA:22,3
DA:24,7
DA:30,3
DA:31,7
DA:33,3
DA:34,1
DA:39,14
LF:10
LH:10
BRDA:17,0,0,1
BRDA:17,0,1,3
BRDA:33,1,0,1
BRDA:33,1,1,2
BRF:4
BRH:4
end_of_record
